<?xml version="1.0" encoding="UTF-8"?>
<!-- Generated by org.testng.reporters.JUnitReportReporter -->
<testsuite hostname="LAPTOP-MB120P1M" failures="0" tests="1" name="com.mindtree.TestCases.TC_GiftCard" time="4.077" errors="0" timestamp="2022-06-02T14:14:56 IST" skipped="0">
  <testcase classname="com.mindtree.TestCases.TC_GiftCard" name="giftCard" time="4.077"/>
  <system-out/>
</testsuite> <!-- com.mindtree.TestCases.TC_GiftCard -->
